Info: Start Nativelink Simulation process
Info: NativeLink has detected VHDL design -- VHDL simulation models will be used

========= EDA Simulation Settings =====================

Sim Mode              :  RTL
Family                :  cyclonev
Quartus root          :  /mnt/08e0e36e-8b56-4f13-a54a-68c5c4dd64bc/Programs/quartus/linux64/
Quartus sim root      :  /mnt/08e0e36e-8b56-4f13-a54a-68c5c4dd64bc/Programs/quartus/eda/sim_lib
Simulation Tool       :  modelsim-altera
Simulation Language   :  vhdl
Version               :  93
Simulation Mode       :  GUI
Sim Output File       :  
Sim SDF file          :  
Sim dir               :  simulation/modelsim

=======================================================

Info: Starting NativeLink simulation with ModelSim-Altera software
Sourced NativeLink script /mnt/08e0e36e-8b56-4f13-a54a-68c5c4dd64bc/Programs/quartus/common/tcl/internal/nativelink/modelsim.tcl
Warning: File Trabalho_1_run_msim_rtl_vhdl.do already exists - backing up current file as Trabalho_1_run_msim_rtl_vhdl.do.bak11
Info: Spawning ModelSim-Altera Simulation software 
Info: NativeLink simulation flow was successful
